-------------------------------------------------------------------------------
Test set: startApplication.CilApplication.LandingTest
-------------------------------------------------------------------------------
Tests run: 2, Failures: 2, Errors: 0, Skipped: 0, Time elapsed: 0.015 sec <<< FAILURE! - in startApplication.CilApplication.LandingTest
loginTest(startApplication.CilApplication.LandingTest)  Time elapsed: 0 sec  <<< FAILURE!
java.lang.AssertionError: Not yet implemented
	at org.junit.Assert.fail(Assert.java:88)
	at startApplication.CilApplication.LandingTest.loginTest(LandingTest.java:17)

landingTest(startApplication.CilApplication.LandingTest)  Time elapsed: 0 sec  <<< FAILURE!
java.lang.AssertionError: Not yet implemented
	at org.junit.Assert.fail(Assert.java:88)
	at startApplication.CilApplication.LandingTest.landingTest(LandingTest.java:11)

